D:\Projects\Recruitment-Software-Project\Recruitment-Software-Project\ClientApp\RecruitmentApp\dist\out-tsc\app\models\response.js
D:\Projects\Recruitment-Software-Project\Recruitment-Software-Project\ClientApp\RecruitmentApp\dist\out-tsc\app\models\response.js.map
D:\Projects\Recruitment-Software-Project\Recruitment-Software-Project\ClientApp\RecruitmentApp\dist\out-tsc\app\services\auth.service.js
D:\Projects\Recruitment-Software-Project\Recruitment-Software-Project\ClientApp\RecruitmentApp\dist\out-tsc\app\services\auth.service.js.map
D:\Projects\Recruitment-Software-Project\Recruitment-Software-Project\ClientApp\RecruitmentApp\dist\out-tsc\app\Authentication\login\login.component.js
D:\Projects\Recruitment-Software-Project\Recruitment-Software-Project\ClientApp\RecruitmentApp\dist\out-tsc\app\Authentication\login\login.component.js.map
D:\Projects\Recruitment-Software-Project\Recruitment-Software-Project\ClientApp\RecruitmentApp\dist\out-tsc\app\Authentication\registration\registration.component.js
D:\Projects\Recruitment-Software-Project\Recruitment-Software-Project\ClientApp\RecruitmentApp\dist\out-tsc\app\Authentication\registration\registration.component.js.map
D:\Projects\Recruitment-Software-Project\Recruitment-Software-Project\ClientApp\RecruitmentApp\dist\out-tsc\app\employee\layout\layout.component.js
D:\Projects\Recruitment-Software-Project\Recruitment-Software-Project\ClientApp\RecruitmentApp\dist\out-tsc\app\employee\layout\layout.component.js.map
D:\Projects\Recruitment-Software-Project\Recruitment-Software-Project\ClientApp\RecruitmentApp\dist\out-tsc\app\employee\employee-routing.module.js
D:\Projects\Recruitment-Software-Project\Recruitment-Software-Project\ClientApp\RecruitmentApp\dist\out-tsc\app\employee\employee-routing.module.js.map
D:\Projects\Recruitment-Software-Project\Recruitment-Software-Project\ClientApp\RecruitmentApp\dist\out-tsc\app\employee\employee.module.js
D:\Projects\Recruitment-Software-Project\Recruitment-Software-Project\ClientApp\RecruitmentApp\dist\out-tsc\app\employee\employee.module.js.map
D:\Projects\Recruitment-Software-Project\Recruitment-Software-Project\ClientApp\RecruitmentApp\dist\out-tsc\app\app-routing.module.js
D:\Projects\Recruitment-Software-Project\Recruitment-Software-Project\ClientApp\RecruitmentApp\dist\out-tsc\app\app-routing.module.js.map
D:\Projects\Recruitment-Software-Project\Recruitment-Software-Project\ClientApp\RecruitmentApp\dist\out-tsc\app\app.component.js
D:\Projects\Recruitment-Software-Project\Recruitment-Software-Project\ClientApp\RecruitmentApp\dist\out-tsc\app\app.component.js.map
D:\Projects\Recruitment-Software-Project\Recruitment-Software-Project\ClientApp\RecruitmentApp\dist\out-tsc\app\app.module.js
D:\Projects\Recruitment-Software-Project\Recruitment-Software-Project\ClientApp\RecruitmentApp\dist\out-tsc\app\app.module.js.map
D:\Projects\Recruitment-Software-Project\Recruitment-Software-Project\ClientApp\RecruitmentApp\dist\out-tsc\main.js
D:\Projects\Recruitment-Software-Project\Recruitment-Software-Project\ClientApp\RecruitmentApp\dist\out-tsc\main.js.map
D:\Projects\Recruitment-Software-Project\Recruitment-Software-Project\ClientApp\RecruitmentApp\dist\out-tsc\app\employee\layout\layout.component.spec.js
D:\Projects\Recruitment-Software-Project\Recruitment-Software-Project\ClientApp\RecruitmentApp\dist\out-tsc\app\employee\layout\layout.component.spec.js.map
D:\Projects\Recruitment-Software-Project\Recruitment-Software-Project\ClientApp\RecruitmentApp\dist\out-tsc\app\employees\employees.module.js
D:\Projects\Recruitment-Software-Project\Recruitment-Software-Project\ClientApp\RecruitmentApp\dist\out-tsc\app\employees\employees.module.js.map
